<?xml version="1.0" encoding="UTF-8"?>
<testng-results total="7" passed="7" failed="0" skipped="0">
  <reporter-output>
  </reporter-output>
  <suite started-at="2024-10-27T13:25:41Z" name="Test Suite for Buildout" finished-at="2024-10-27T13:28:30Z" duration-ms="168600">
    <groups>
    </groups>
    <test started-at="2024-10-27T13:25:41Z" name="Test Cases for Buildout" finished-at="2024-10-27T13:28:30Z" duration-ms="168600">
      <class name="demo.TestCases">
        <test-method is-config="true" signature="startBrowser()[pri:0, instance:demo.TestCases@736d6a5c]" started-at="2024-10-27T18:55:41Z" name="startBrowser" finished-at="2024-10-27T18:55:44Z" duration-ms="2962" status="PASS">
          <reporter-output>
          </reporter-output>
        </test-method> <!-- startBrowser -->
        <test-method is-config="true" signature="goToYT()[pri:0, instance:demo.TestCases@736d6a5c]" started-at="2024-10-27T18:55:44Z" name="goToYT" finished-at="2024-10-27T18:55:53Z" duration-ms="8316" status="PASS">
          <reporter-output>
          </reporter-output>
        </test-method> <!-- goToYT -->
        <test-method signature="testCase01()[pri:0, instance:demo.TestCases@736d6a5c]" started-at="2024-10-27T18:55:53Z" name="testCase01" finished-at="2024-10-27T18:55:58Z" duration-ms="4964" status="PASS">
          <reporter-output>
          </reporter-output>
        </test-method> <!-- testCase01 -->
        <test-method is-config="true" signature="goToYT()[pri:0, instance:demo.TestCases@736d6a5c]" started-at="2024-10-27T18:55:58Z" name="goToYT" finished-at="2024-10-27T18:56:04Z" duration-ms="5925" status="PASS">
          <reporter-output>
          </reporter-output>
        </test-method> <!-- goToYT -->
        <test-method signature="testCase02()[pri:0, instance:demo.TestCases@736d6a5c]" started-at="2024-10-27T18:56:04Z" name="testCase02" finished-at="2024-10-27T18:56:42Z" duration-ms="38413" status="PASS">
          <reporter-output>
          </reporter-output>
        </test-method> <!-- testCase02 -->
        <test-method is-config="true" signature="goToYT()[pri:0, instance:demo.TestCases@736d6a5c]" started-at="2024-10-27T18:56:42Z" name="goToYT" finished-at="2024-10-27T18:56:48Z" duration-ms="5516" status="PASS">
          <reporter-output>
          </reporter-output>
        </test-method> <!-- goToYT -->
        <test-method signature="testCase03()[pri:0, instance:demo.TestCases@736d6a5c]" started-at="2024-10-27T18:56:48Z" name="testCase03" finished-at="2024-10-27T18:57:22Z" duration-ms="34017" status="PASS">
          <reporter-output>
          </reporter-output>
        </test-method> <!-- testCase03 -->
        <test-method is-config="true" signature="goToYT()[pri:0, instance:demo.TestCases@736d6a5c]" started-at="2024-10-27T18:57:22Z" name="goToYT" finished-at="2024-10-27T18:57:29Z" duration-ms="7072" status="PASS">
          <reporter-output>
          </reporter-output>
        </test-method> <!-- goToYT -->
        <test-method signature="testCase04()[pri:0, instance:demo.TestCases@736d6a5c]" started-at="2024-10-27T18:57:29Z" name="testCase04" finished-at="2024-10-27T18:57:48Z" duration-ms="19650" status="PASS">
          <reporter-output>
          </reporter-output>
        </test-method> <!-- testCase04 -->
        <test-method is-config="true" signature="goToYT()[pri:0, instance:demo.TestCases@736d6a5c]" started-at="2024-10-27T18:57:49Z" name="goToYT" finished-at="2024-10-27T18:57:54Z" duration-ms="4791" status="PASS">
          <reporter-output>
          </reporter-output>
        </test-method> <!-- goToYT -->
        <test-method signature="testCase05(java.lang.String)[pri:0, instance:demo.TestCases@736d6a5c]" started-at="2024-10-27T18:57:54Z" name="testCase05" data-provider="excelData" finished-at="2024-10-27T18:58:02Z" duration-ms="8425" status="PASS">
          <params>
            <param index="0">
              <value>
                <![CDATA[Movies]]>
              </value>
            </param>
          </params>
          <reporter-output>
          </reporter-output>
        </test-method> <!-- testCase05 -->
        <test-method is-config="true" signature="goToYT()[pri:0, instance:demo.TestCases@736d6a5c]" started-at="2024-10-27T18:58:02Z" name="goToYT" finished-at="2024-10-27T18:58:07Z" duration-ms="5078" status="PASS">
          <reporter-output>
          </reporter-output>
        </test-method> <!-- goToYT -->
        <test-method signature="testCase05(java.lang.String)[pri:0, instance:demo.TestCases@736d6a5c]" started-at="2024-10-27T18:58:07Z" name="testCase05" data-provider="excelData" finished-at="2024-10-27T18:58:15Z" duration-ms="7349" status="PASS">
          <params>
            <param index="0">
              <value>
                <![CDATA[Music]]>
              </value>
            </param>
          </params>
          <reporter-output>
          </reporter-output>
        </test-method> <!-- testCase05 -->
        <test-method is-config="true" signature="goToYT()[pri:0, instance:demo.TestCases@736d6a5c]" started-at="2024-10-27T18:58:15Z" name="goToYT" finished-at="2024-10-27T18:58:21Z" duration-ms="6580" status="PASS">
          <reporter-output>
          </reporter-output>
        </test-method> <!-- goToYT -->
        <test-method signature="testCase05(java.lang.String)[pri:0, instance:demo.TestCases@736d6a5c]" started-at="2024-10-27T18:58:21Z" name="testCase05" data-provider="excelData" finished-at="2024-10-27T18:58:29Z" duration-ms="7375" status="PASS">
          <params>
            <param index="0">
              <value>
                <![CDATA[Games]]>
              </value>
            </param>
          </params>
          <reporter-output>
          </reporter-output>
        </test-method> <!-- testCase05 -->
        <test-method is-config="true" signature="endTest()[pri:0, instance:demo.TestCases@736d6a5c]" started-at="2024-10-27T18:58:29Z" name="endTest" finished-at="2024-10-27T18:58:30Z" duration-ms="1208" status="PASS">
          <reporter-output>
          </reporter-output>
        </test-method> <!-- endTest -->
      </class> <!-- demo.TestCases -->
    </test> <!-- Test Cases for Buildout -->
  </suite> <!-- Test Suite for Buildout -->
</testng-results>
